<?xml version="1.0" encoding="UTF-8"?>
<coverage generated="1680032924975" clover="3.2.0">
  <project timestamp="1680032924975" name="All files">
    <metrics statements="17" coveredstatements="17" conditionals="6" coveredconditionals="6" methods="4" coveredmethods="4" elements="27" coveredelements="27" complexity="0" loc="17" ncloc="17" packages="1" files="1" classes="1"/>
    <file name="Roller.ts" path="/sandbox/src/Roller.ts">
      <metrics statements="17" coveredstatements="17" conditionals="6" coveredconditionals="6" methods="4" coveredmethods="4"/>
      <line num="1" count="1" type="stmt"/>
      <line num="11" count="10" type="cond" truecount="2" falsecount="0"/>
      <line num="12" count="9" type="stmt"/>
      <line num="14" count="1" type="stmt"/>
      <line num="16" count="10" type="stmt"/>
      <line num="17" count="10" type="stmt"/>
      <line num="18" count="46" type="stmt"/>
      <line num="32" count="10" type="stmt"/>
      <line num="35" count="9" type="cond" truecount="3" falsecount="0"/>
      <line num="36" count="1" type="stmt"/>
      <line num="38" count="8" type="stmt"/>
      <line num="39" count="8" type="stmt"/>
      <line num="40" count="8" type="cond" truecount="1" falsecount="0"/>
      <line num="41" count="8" type="stmt"/>
      <line num="43" count="8" type="stmt"/>
      <line num="49" count="3" type="stmt"/>
      <line num="58" count="3" type="stmt"/>
    </file>
  </project>
</coverage>
