{"/sandbox/src/Roller.ts": {"path":"/sandbox/src/Roller.ts","statementMap":{"0":{"start":{"line":31,"column":12},"end":{"line":31,"column":33}},"1":{"start":{"line":10,"column":8},"end":{"line":14,"column":null}},"2":{"start":{"line":11,"column":12},"end":{"line":11,"column":32}},"3":{"start":{"line":13,"column":12},"end":{"line":13,"column":28}},"4":{"start":{"line":15,"column":8},"end":{"line":15,"column":55}},"5":{"start":{"line":16,"column":8},"end":{"line":18,"column":null}},"6":{"start":{"line":16,"column":21},"end":{"line":16,"column":22}},"7":{"start":{"line":17,"column":12},"end":{"line":17,"column":41}},"8":{"start":{"line":34,"column":8},"end":{"line":36,"column":null}},"9":{"start":{"line":35,"column":12},"end":{"line":35,"column":21}},"10":{"start":{"line":37,"column":8},"end":{"line":37,"column":30}},"11":{"start":{"line":38,"column":22},"end":{"line":38,"column":51}},"12":{"start":{"line":39,"column":8},"end":{"line":41,"column":null}},"13":{"start":{"line":40,"column":12},"end":{"line":40,"column":53}},"14":{"start":{"line":42,"column":8},"end":{"line":42,"column":21}},"15":{"start":{"line":48,"column":8},"end":{"line":48,"column":29}},"16":{"start":{"line":57,"column":8},"end":{"line":57,"column":59}},"17":{"start":{"line":1,"column":0},"end":{"line":1,"column":13}}},"fnMap":{"0":{"name":"(anonymous_0)","decl":{"start":{"line":9,"column":4},"end":{"line":9,"column":16}},"loc":{"start":{"line":9,"column":29},"end":{"line":19,"column":5}}},"1":{"name":"(anonymous_1)","decl":{"start":{"line":33,"column":4},"end":{"line":33,"column":8}},"loc":{"start":{"line":33,"column":22},"end":{"line":43,"column":5}}},"2":{"name":"(anonymous_2)","decl":{"start":{"line":47,"column":4},"end":{"line":47,"column":8}},"loc":{"start":{"line":47,"column":8},"end":{"line":49,"column":5}}},"3":{"name":"(anonymous_3)","decl":{"start":{"line":56,"column":4},"end":{"line":56,"column":16}},"loc":{"start":{"line":56,"column":16},"end":{"line":58,"column":5}}}},"branchMap":{"0":{"loc":{"start":{"line":10,"column":8},"end":{"line":14,"column":null}},"type":"if","locations":[{"start":{"line":10,"column":8},"end":{"line":14,"column":null}},{"start":{"line":12,"column":15},"end":{"line":14,"column":null}}]},"1":{"loc":{"start":{"line":34,"column":8},"end":{"line":36,"column":null}},"type":"if","locations":[{"start":{"line":34,"column":8},"end":{"line":36,"column":null}}]},"2":{"loc":{"start":{"line":34,"column":12},"end":{"line":34,"column":44}},"type":"binary-expr","locations":[{"start":{"line":34,"column":12},"end":{"line":34,"column":21}},{"start":{"line":34,"column":25},"end":{"line":34,"column":44}}]},"3":{"loc":{"start":{"line":39,"column":8},"end":{"line":41,"column":null}},"type":"if","locations":[{"start":{"line":39,"column":8},"end":{"line":41,"column":null}}]}},"s":{"0":10,"1":10,"2":9,"3":1,"4":10,"5":10,"6":10,"7":46,"8":9,"9":1,"10":8,"11":8,"12":8,"13":8,"14":8,"15":3,"16":3,"17":1},"f":{"0":10,"1":9,"2":3,"3":3},"b":{"0":[9,1],"1":[1],"2":[9,9],"3":[8]}}
}
